c:\users\zhoukb\desktop\c++\cplusplusgui\juceapplicationone\builds\visualstudio2015\debug\main.obj
c:\users\zhoukb\desktop\c++\cplusplusgui\juceapplicationone\builds\visualstudio2015\debug\juce_audio_formats.obj
c:\users\zhoukb\desktop\c++\cplusplusgui\juceapplicationone\builds\visualstudio2015\debug\juce_events.obj
c:\users\zhoukb\desktop\c++\cplusplusgui\juceapplicationone\builds\visualstudio2015\debug\juce_opengl.obj
c:\users\zhoukb\desktop\c++\cplusplusgui\juceapplicationone\builds\visualstudio2015\debug\newcomponent.obj
c:\users\zhoukb\desktop\c++\cplusplusgui\juceapplicationone\builds\visualstudio2015\debug\juce_core.obj
c:\users\zhoukb\desktop\c++\cplusplusgui\juceapplicationone\builds\visualstudio2015\debug\juce_graphics.obj
c:\users\zhoukb\desktop\c++\cplusplusgui\juceapplicationone\builds\visualstudio2015\debug\juce_video.obj
c:\users\zhoukb\desktop\c++\cplusplusgui\juceapplicationone\builds\visualstudio2015\debug\maincomponent.obj
c:\users\zhoukb\desktop\c++\cplusplusgui\juceapplicationone\builds\visualstudio2015\debug\juce_audio_processors.obj
c:\users\zhoukb\desktop\c++\cplusplusgui\juceapplicationone\builds\visualstudio2015\debug\juce_gui_extra.obj
c:\users\zhoukb\desktop\c++\cplusplusgui\juceapplicationone\builds\visualstudio2015\debug\juce_audio_basics.obj
c:\users\zhoukb\desktop\c++\cplusplusgui\juceapplicationone\builds\visualstudio2015\debug\juce_audio_devices.obj
c:\users\zhoukb\desktop\c++\cplusplusgui\juceapplicationone\builds\visualstudio2015\debug\juce_cryptography.obj
c:\users\zhoukb\desktop\c++\cplusplusgui\juceapplicationone\builds\visualstudio2015\debug\juce_data_structures.obj
c:\users\zhoukb\desktop\c++\cplusplusgui\juceapplicationone\builds\visualstudio2015\debug\juce_gui_basics.obj
c:\users\zhoukb\desktop\c++\cplusplusgui\juceapplicationone\builds\visualstudio2015\debug\vc140.pdb
c:\users\zhoukb\desktop\c++\cplusplusgui\juceapplicationone\builds\visualstudio2015\debug\juceapplicationone.ilk
c:\users\zhoukb\desktop\c++\cplusplusgui\juceapplicationone\builds\visualstudio2015\debug\juceapplicationone.exe
c:\users\zhoukb\desktop\c++\cplusplusgui\juceapplicationone\builds\visualstudio2015\debug\juceapplicationone.pdb
c:\users\zhoukb\desktop\c++\cplusplusgui\juceapplicationone\builds\visualstudio2015\debug\resources.res
c:\users\zhoukb\desktop\c++\cplusplusgui\juceapplicationone\builds\visualstudio2015\debug\vc140.idb
c:\users\zhoukb\desktop\c++\cplusplusgui\juceapplicationone\builds\visualstudio2015\debug\juceappl.3c5a2b0f.tlog\cl.command.1.tlog
c:\users\zhoukb\desktop\c++\cplusplusgui\juceapplicationone\builds\visualstudio2015\debug\juceappl.3c5a2b0f.tlog\cl.read.1.tlog
c:\users\zhoukb\desktop\c++\cplusplusgui\juceapplicationone\builds\visualstudio2015\debug\juceappl.3c5a2b0f.tlog\cl.write.1.tlog
c:\users\zhoukb\desktop\c++\cplusplusgui\juceapplicationone\builds\visualstudio2015\debug\juceappl.3c5a2b0f.tlog\link.command.1.tlog
c:\users\zhoukb\desktop\c++\cplusplusgui\juceapplicationone\builds\visualstudio2015\debug\juceappl.3c5a2b0f.tlog\link.read.1.tlog
c:\users\zhoukb\desktop\c++\cplusplusgui\juceapplicationone\builds\visualstudio2015\debug\juceappl.3c5a2b0f.tlog\link.write.1.tlog
c:\users\zhoukb\desktop\c++\cplusplusgui\juceapplicationone\builds\visualstudio2015\debug\juceappl.3c5a2b0f.tlog\rc.command.1.tlog
c:\users\zhoukb\desktop\c++\cplusplusgui\juceapplicationone\builds\visualstudio2015\debug\juceappl.3c5a2b0f.tlog\rc.read.1.tlog
c:\users\zhoukb\desktop\c++\cplusplusgui\juceapplicationone\builds\visualstudio2015\debug\juceappl.3c5a2b0f.tlog\rc.write.1.tlog
